<?xml version="1.0" encoding="UTF-8"?>
<testsuite xmlns:xsi="http://www.w3.org/2001/XMLSchema-instance" xsi:noNamespaceSchemaLocation="https://maven.apache.org/surefire/maven-surefire-plugin/xsd/surefire-test-report-3.0.xsd" version="3.0" name="com.example.mircroservices.currencyexchangeservice.CurrencyExchangeServiceApplicationTests" time="5.032" tests="1" errors="0" skipped="0" failures="0">
  <properties>
[...]
</properties>
  <testcase name="contextLoads" classname="com.example.mircroservices.currencyexchangeservice.CurrencyExchangeServiceApplicationTests" time="0.61">
    <system-out><![CDATA[21:33:24.664 [main] INFO org.springframework.test.context.support.AnnotationConfigContextLoaderUtils -- Could not detect default configuration classes for test class [com.example.mircroservices.currencyexchangeservice.CurrencyExchangeServiceApplicationTests]: CurrencyExchangeServiceApplicationTests does not declare any static, non-private, non-final, nested classes annotated with @Configuration.
21:33:24.734 [main] INFO org.springframework.boot.test.context.SpringBootTestContextBootstrapper -- Found @SpringBootConfiguration com.example.mircroservices.currencyexchangeservice.CurrencyExchangeServiceApplication for test class com.example.mircroservices.currencyexchangeservice.CurrencyExchangeServiceApplicationTests
21:33:24.846 [main] INFO org.springframework.boot.devtools.restart.RestartApplicationListener -- Restart disabled due to context in which it is running

  .   ____          _            __ _ _
 /\\ / ___'_ __ _ _(_)_ __  __ _ \ \ \ \
( ( )\___ | '_ | '_| | '_ \/ _` | \ \ \ \
 \\/  ___)| |_)| | | | | || (_| |  ) ) ) )
  '  |____| .__|_| |_|_| |_\__, | / / / /
 =========|_|==============|___/=/_/_/_/
 :: Spring Boot ::                (v3.2.4)

2024-04-28T21:33:25.372+05:30  INFO [currency-exchange,,] 3434 --- [currency-exchange] [           main] [                                                 ] .CurrencyExchangeServiceApplicationTests : Starting CurrencyExchangeServiceApplicationTests using Java 21.0.2 with PID 3434 (started by rupeshsrivastava in /Users/rupeshsrivastava/CurrecnyExchangeMicroservice/MicroservicesProject/currency-exchange-service)
2024-04-28T21:33:25.373+05:30  INFO [currency-exchange,,] 3434 --- [currency-exchange] [           main] [                                                 ] .CurrencyExchangeServiceApplicationTests : No active profile set, falling back to 1 default profile: "default"
2024-04-28T21:33:25.393+05:30  INFO [currency-exchange,,] 3434 --- [currency-exchange] [           main] [                                                 ] o.s.c.c.c.ConfigServerConfigDataLoader   : Fetching config from server at : http://localhost:8888
2024-04-28T21:33:25.393+05:30  INFO [currency-exchange,,] 3434 --- [currency-exchange] [           main] [                                                 ] o.s.c.c.c.ConfigServerConfigDataLoader   : Exception on Url - http://localhost:8888:org.springframework.web.client.ResourceAccessException: I/O error on GET request for "http://localhost:8888/currency-exchange/default": Connection refused. Will be trying the next url if available
2024-04-28T21:33:25.393+05:30  WARN [currency-exchange,,] 3434 --- [currency-exchange] [           main] [                                                 ] o.s.c.c.c.ConfigServerConfigDataLoader   : Could not locate PropertySource ([ConfigServerConfigDataResource@f202d6d uris = array<String>['http://localhost:8888'], optional = true, profiles = 'default']): I/O error on GET request for "http://localhost:8888/currency-exchange/default": Connection refused
2024-04-28T21:33:25.393+05:30  INFO [currency-exchange,,] 3434 --- [currency-exchange] [           main] [                                                 ] o.s.c.c.c.ConfigServerConfigDataLoader   : Fetching config from server at : http://localhost:8888
2024-04-28T21:33:25.393+05:30  INFO [currency-exchange,,] 3434 --- [currency-exchange] [           main] [                                                 ] o.s.c.c.c.ConfigServerConfigDataLoader   : Exception on Url - http://localhost:8888:org.springframework.web.client.ResourceAccessException: I/O error on GET request for "http://localhost:8888/currency-exchange/default": Connection refused. Will be trying the next url if available
2024-04-28T21:33:25.394+05:30  WARN [currency-exchange,,] 3434 --- [currency-exchange] [           main] [                                                 ] o.s.c.c.c.ConfigServerConfigDataLoader   : Could not locate PropertySource ([ConfigServerConfigDataResource@7207cb51 uris = array<String>['http://localhost:8888'], optional = true, profiles = 'default']): I/O error on GET request for "http://localhost:8888/currency-exchange/default": Connection refused
2024-04-28T21:33:25.394+05:30  INFO [currency-exchange,,] 3434 --- [currency-exchange] [           main] [                                                 ] o.s.c.c.c.ConfigServerConfigDataLoader   : Fetching config from server at : http://localhost:8888
2024-04-28T21:33:25.394+05:30  INFO [currency-exchange,,] 3434 --- [currency-exchange] [           main] [                                                 ] o.s.c.c.c.ConfigServerConfigDataLoader   : Exception on Url - http://localhost:8888:org.springframework.web.client.ResourceAccessException: I/O error on GET request for "http://localhost:8888/currency-exchange/default": Connection refused. Will be trying the next url if available
2024-04-28T21:33:25.394+05:30  WARN [currency-exchange,,] 3434 --- [currency-exchange] [           main] [                                                 ] o.s.c.c.c.ConfigServerConfigDataLoader   : Could not locate PropertySource ([ConfigServerConfigDataResource@2a27cb34 uris = array<String>['http://localhost:8888'], optional = true, profiles = 'default']): I/O error on GET request for "http://localhost:8888/currency-exchange/default": Connection refused
2024-04-28T21:33:26.255+05:30  INFO [currency-exchange,,] 3434 --- [currency-exchange] [           main] [                                                 ] o.s.cloud.context.scope.GenericScope     : BeanFactory id=20cd4b8c-0b20-307e-b573-1c6b047f8334
2024-04-28T21:33:26.503+05:30  WARN [currency-exchange,,] 3434 --- [currency-exchange] [           main] [                                                 ] trationDelegate$BeanPostProcessorChecker : Bean 'org.springframework.cloud.client.loadbalancer.LoadBalancerAutoConfiguration$DeferringLoadBalancerInterceptorConfig' of type [org.springframework.cloud.client.loadbalancer.LoadBalancerAutoConfiguration$DeferringLoadBalancerInterceptorConfig] is not eligible for getting processed by all BeanPostProcessors (for example: not eligible for auto-proxying). The currently created BeanPostProcessor [lbRestClientPostProcessor] is declared through a non-static factory method on that class; consider declaring it as static instead.
2024-04-28T21:33:26.508+05:30  WARN [currency-exchange,,] 3434 --- [currency-exchange] [           main] [                                                 ] trationDelegate$BeanPostProcessorChecker : Bean 'deferringLoadBalancerInterceptor' of type [org.springframework.cloud.client.loadbalancer.DeferringLoadBalancerInterceptor] is not eligible for getting processed by all BeanPostProcessors (for example: not eligible for auto-proxying). Is this bean getting eagerly injected into a currently created BeanPostProcessor [lbRestClientPostProcessor]? Check the corresponding BeanPostProcessor declaration and its dependencies.
2024-04-28T21:33:28.256+05:30  INFO [currency-exchange,,] 3434 --- [currency-exchange] [           main] [                                                 ] DiscoveryClientOptionalArgsConfiguration : Eureka HTTP Client uses RestTemplate.
2024-04-28T21:33:28.316+05:30  WARN [currency-exchange,,] 3434 --- [currency-exchange] [           main] [                                                 ] iguration$LoadBalancerCaffeineWarnLogger : Spring Cloud LoadBalancer is currently working with the default cache. While this cache implementation is useful for development and tests, it's recommended to use Caffeine cache in production.You can switch to using Caffeine cache, by adding it and org.springframework.cache.caffeine.CaffeineCacheManager to the classpath.
2024-04-28T21:33:28.342+05:30  INFO [currency-exchange,,] 3434 --- [currency-exchange] [           main] [                                                 ] o.s.b.a.e.web.EndpointLinksResolver      : Exposing 1 endpoint(s) beneath base path '/actuator'
2024-04-28T21:33:28.403+05:30  INFO [currency-exchange,,] 3434 --- [currency-exchange] [           main] [                                                 ] o.s.c.n.eureka.InstanceInfoFactory       : Setting initial instance status as: STARTING
2024-04-28T21:33:28.487+05:30  INFO [currency-exchange,,] 3434 --- [currency-exchange] [           main] [                                                 ] com.netflix.discovery.DiscoveryClient    : Initializing Eureka in region us-east-1
2024-04-28T21:33:28.492+05:30  INFO [currency-exchange,,] 3434 --- [currency-exchange] [           main] [                                                 ] c.n.d.s.r.aws.ConfigClusterResolver      : Resolving eureka endpoints via configuration
2024-04-28T21:33:28.506+05:30  INFO [currency-exchange,,] 3434 --- [currency-exchange] [           main] [                                                 ] com.netflix.discovery.DiscoveryClient    : Disable delta property : false
2024-04-28T21:33:28.507+05:30  INFO [currency-exchange,,] 3434 --- [currency-exchange] [           main] [                                                 ] com.netflix.discovery.DiscoveryClient    : Single vip registry refresh property : null
2024-04-28T21:33:28.507+05:30  INFO [currency-exchange,,] 3434 --- [currency-exchange] [           main] [                                                 ] com.netflix.discovery.DiscoveryClient    : Force full registry fetch : false
2024-04-28T21:33:28.507+05:30  INFO [currency-exchange,,] 3434 --- [currency-exchange] [           main] [                                                 ] com.netflix.discovery.DiscoveryClient    : Application is null : false
2024-04-28T21:33:28.507+05:30  INFO [currency-exchange,,] 3434 --- [currency-exchange] [           main] [                                                 ] com.netflix.discovery.DiscoveryClient    : Registered Applications size is zero : true
2024-04-28T21:33:28.507+05:30  INFO [currency-exchange,,] 3434 --- [currency-exchange] [           main] [                                                 ] com.netflix.discovery.DiscoveryClient    : Application version is -1: true
2024-04-28T21:33:28.507+05:30  INFO [currency-exchange,,] 3434 --- [currency-exchange] [           main] [                                                 ] com.netflix.discovery.DiscoveryClient    : Getting all instance registry info from the eureka server
2024-04-28T21:33:28.876+05:30  INFO [currency-exchange,,] 3434 --- [currency-exchange] [           main] [                                                 ] com.netflix.discovery.DiscoveryClient    : The response status is 200
2024-04-28T21:33:28.877+05:30  INFO [currency-exchange,,] 3434 --- [currency-exchange] [           main] [                                                 ] com.netflix.discovery.DiscoveryClient    : Starting heartbeat executor: renew interval is: 30
2024-04-28T21:33:28.879+05:30  INFO [currency-exchange,,] 3434 --- [currency-exchange] [           main] [                                                 ] c.n.discovery.InstanceInfoReplicator     : InstanceInfoReplicator onDemand update allowed rate per min is 4
2024-04-28T21:33:28.886+05:30  INFO [currency-exchange,,] 3434 --- [currency-exchange] [           main] [                                                 ] com.netflix.discovery.DiscoveryClient    : Discovery Client initialized at timestamp 1714320208886 with initial instances count: 0
2024-04-28T21:33:28.895+05:30  INFO [currency-exchange,,] 3434 --- [currency-exchange] [           main] [                                                 ] o.s.c.n.e.s.EurekaServiceRegistry        : Registering application CURRENCY-EXCHANGE with eureka with status UP
2024-04-28T21:33:28.895+05:30  INFO [currency-exchange,,] 3434 --- [currency-exchange] [           main] [                                                 ] com.netflix.discovery.DiscoveryClient    : Saw local status change event StatusChangeEvent [timestamp=1714320208895, current=UP, previous=STARTING]
2024-04-28T21:33:28.896+05:30  INFO [currency-exchange,,] 3434 --- [currency-exchange] [nfoReplicator-0] [                                                 ] com.netflix.discovery.DiscoveryClient    : DiscoveryClient_CURRENCY-EXCHANGE/192.168.1.4:currency-exchange: registering service...
2024-04-28T21:33:28.924+05:30  INFO [currency-exchange,,] 3434 --- [currency-exchange] [           main] [                                                 ] .CurrencyExchangeServiceApplicationTests : Started CurrencyExchangeServiceApplicationTests in 4.09 seconds (process running for 4.873)
2024-04-28T21:33:29.120+05:30  INFO [currency-exchange,,] 3434 --- [currency-exchange] [nfoReplicator-0] [                                                 ] com.netflix.discovery.DiscoveryClient    : DiscoveryClient_CURRENCY-EXCHANGE/192.168.1.4:currency-exchange - registration status: 204
]]></system-out>
    <system-err><![CDATA[WARNING: A Java agent has been loaded dynamically (/Users/rupeshsrivastava/.m2/repository/net/bytebuddy/byte-buddy-agent/1.14.12/byte-buddy-agent-1.14.12.jar)
WARNING: If a serviceability tool is in use, please run with -XX:+EnableDynamicAgentLoading to hide this warning
WARNING: If a serviceability tool is not in use, please run with -Djdk.instrument.traceUsage for more information
WARNING: Dynamic loading of agents will be disallowed by default in a future release
]]></system-err>
  </testcase>
</testsuite>